{"/home/amarilis/amarilis/palestras/jest-hanson/modulo1.js": {"path":"/home/amarilis/amarilis/palestras/jest-hanson/modulo1.js","statementMap":{"0":{"start":{"line":1,"column":16},"end":{"line":13,"column":1}},"1":{"start":{"line":3,"column":4},"end":{"line":3,"column":17}},"2":{"start":{"line":7,"column":4},"end":{"line":7,"column":15}},"3":{"start":{"line":11,"column":4},"end":{"line":11,"column":16}},"4":{"start":{"line":15,"column":0},"end":{"line":15,"column":25}}},"fnMap":{"0":{"name":"(anonymous_0)","decl":{"start":{"line":2,"column":9},"end":{"line":2,"column":10}},"loc":{"start":{"line":2,"column":15},"end":{"line":4,"column":3}},"line":2},"1":{"name":"(anonymous_1)","decl":{"start":{"line":6,"column":9},"end":{"line":6,"column":10}},"loc":{"start":{"line":6,"column":18},"end":{"line":8,"column":3}},"line":6},"2":{"name":"(anonymous_2)","decl":{"start":{"line":10,"column":9},"end":{"line":10,"column":10}},"loc":{"start":{"line":10,"column":15},"end":{"line":12,"column":3}},"line":10}},"branchMap":{},"s":{"0":1,"1":1,"2":1,"3":1,"4":1},"f":{"0":1,"1":1,"2":1},"b":{},"_coverageSchema":"43e27e138ebf9cfc5966b082cf9a028302ed4184","hash":"af0b2c50d6150ca521d5de78f3e0dba163c5f702"}
}
